<?xml version="1.0" encoding="UTF-8"?>
<testsuite xmlns:xsi="http://www.w3.org/2001/XMLSchema-instance" xsi:noNamespaceSchemaLocation="https://maven.apache.org/surefire/maven-surefire-plugin/xsd/surefire-test-report.xsd" name="com.acme.streamslambdas.exercises.FunctionalInterfacesExercise03Test" time="0.002" tests="1" errors="1" skipped="0" failures="0">
  <properties>
[...]
</properties>
  <testcase name="calculate" classname="com.acme.streamslambdas.exercises.FunctionalInterfacesExercise03Test" time="0.001">
    <error message="Not yet implemented" type="java.lang.UnsupportedOperationException">java.lang.UnsupportedOperationException: Not yet implemented
	at com.acme.streamslambdas.exercises.FunctionalInterfacesExercise03Test.calculate(FunctionalInterfacesExercise03Test.java:16)
</error>
  </testcase>
</testsuite>